{"name":"hexo","hostname":"localhost.localdomain","pid":3372,"level":20,"msg":"Hexo version: \u001b[35m3.2.2\u001b[39m","time":"2017-01-07T07:32:31.056Z","v":0}
{"name":"hexo","hostname":"localhost.localdomain","pid":3372,"level":20,"msg":"Working directory: \u001b[35m~/hxd/download/sourceblog/\u001b[39m","time":"2017-01-07T07:32:31.059Z","v":0}
{"name":"hexo","hostname":"localhost.localdomain","pid":3372,"level":20,"msg":"Config loaded: \u001b[35m~/hxd/download/sourceblog/_config.yml\u001b[39m","time":"2017-01-07T07:32:31.140Z","v":0}
{"name":"hexo","hostname":"localhost.localdomain","pid":3372,"level":20,"msg":"Plugin loaded: \u001b[35mhexo-generator-category\u001b[39m","time":"2017-01-07T07:32:31.153Z","v":0}
{"name":"hexo","hostname":"localhost.localdomain","pid":3372,"level":20,"msg":"Plugin loaded: \u001b[35mhexo-generator-archive\u001b[39m","time":"2017-01-07T07:32:31.154Z","v":0}
{"name":"hexo","hostname":"localhost.localdomain","pid":3372,"level":20,"msg":"Plugin loaded: \u001b[35mhexo-generator-index\u001b[39m","time":"2017-01-07T07:32:31.156Z","v":0}
{"name":"hexo","hostname":"localhost.localdomain","pid":3372,"level":20,"msg":"Plugin loaded: \u001b[35mhexo-generator-tag\u001b[39m","time":"2017-01-07T07:32:31.157Z","v":0}
{"name":"hexo","hostname":"localhost.localdomain","pid":3372,"level":20,"msg":"Plugin loaded: \u001b[35mhexo-renderer-ejs\u001b[39m","time":"2017-01-07T07:32:31.159Z","v":0}
{"name":"hexo","hostname":"localhost.localdomain","pid":3372,"level":20,"msg":"Plugin loaded: \u001b[35mhexo-renderer-stylus\u001b[39m","time":"2017-01-07T07:32:31.160Z","v":0}
{"name":"hexo","hostname":"localhost.localdomain","pid":3372,"level":20,"msg":"Plugin loaded: \u001b[35mhexo-renderer-marked\u001b[39m","time":"2017-01-07T07:32:31.166Z","v":0}
{"name":"hexo","hostname":"localhost.localdomain","pid":3372,"level":20,"msg":"Plugin loaded: \u001b[35mhexo-server\u001b[39m","time":"2017-01-07T07:32:31.222Z","v":0}
{"name":"hexo","hostname":"localhost.localdomain","pid":3372,"level":20,"msg":"Script loaded: \u001b[35mthemes/next/scripts/merge-configs.js\u001b[39m","time":"2017-01-07T07:32:31.224Z","v":0}
{"name":"hexo","hostname":"localhost.localdomain","pid":3372,"level":20,"msg":"Script loaded: \u001b[35mthemes/next/scripts/tags/button.js\u001b[39m","time":"2017-01-07T07:32:31.224Z","v":0}
{"name":"hexo","hostname":"localhost.localdomain","pid":3372,"level":20,"msg":"Script loaded: \u001b[35mthemes/next/scripts/tags/center-quote.js\u001b[39m","time":"2017-01-07T07:32:31.225Z","v":0}
{"name":"hexo","hostname":"localhost.localdomain","pid":3372,"level":20,"msg":"Script loaded: \u001b[35mthemes/next/scripts/tags/full-image.js\u001b[39m","time":"2017-01-07T07:32:31.225Z","v":0}
{"name":"hexo","hostname":"localhost.localdomain","pid":3372,"level":20,"msg":"Script loaded: \u001b[35mthemes/next/scripts/tags/group-pictures.js\u001b[39m","time":"2017-01-07T07:32:31.226Z","v":0}
{"name":"hexo","hostname":"localhost.localdomain","pid":3372,"level":20,"msg":"Script loaded: \u001b[35mthemes/next/scripts/tags/note.js\u001b[39m","time":"2017-01-07T07:32:31.226Z","v":0}
{"name":"hexo","hostname":"localhost.localdomain","pid":3372,"level":20,"msg":"Loading database.","time":"2017-01-07T07:32:31.235Z","v":0}
{"name":"hexo","hostname":"localhost.localdomain","pid":3372,"level":30,"msg":"Start processing","time":"2017-01-07T07:32:31.294Z","v":0}
{"name":"hexo","hostname":"localhost.localdomain","pid":3372,"level":20,"msg":"Processed: \u001b[35m_posts/第一篇测试.md\u001b[39m","time":"2017-01-07T07:32:31.412Z","v":0}
{"name":"hexo","hostname":"localhost.localdomain","pid":3372,"level":20,"msg":"Theme config loaded.","time":"2017-01-07T07:32:31.456Z","v":0}
{"name":"hexo","hostname":"localhost.localdomain","pid":3372,"level":20,"msg":"Processed: \u001b[35m_config.yml\u001b[39m","time":"2017-01-07T07:32:31.464Z","v":0}
{"name":"hexo","hostname":"localhost.localdomain","pid":3372,"level":20,"msg":"Processed: \u001b[35msource/css/main.styl\u001b[39m","time":"2017-01-07T07:32:31.475Z","v":0}
{"name":"hexo","hostname":"localhost.localdomain","pid":3372,"level":20,"msg":"Processed: \u001b[35msource/images/avatar.gif\u001b[39m","time":"2017-01-07T07:32:31.475Z","v":0}
{"name":"hexo","hostname":"localhost.localdomain","pid":3372,"level":20,"msg":"Processed: \u001b[35msource/images/algolia_logo.svg\u001b[39m","time":"2017-01-07T07:32:31.475Z","v":0}
{"name":"hexo","hostname":"localhost.localdomain","pid":3372,"level":20,"msg":"Processed: \u001b[35msource/images/cc-by-nc-nd.svg\u001b[39m","time":"2017-01-07T07:32:31.476Z","v":0}
{"name":"hexo","hostname":"localhost.localdomain","pid":3372,"level":20,"msg":"Processed: \u001b[35msource/images/cc-by-nc-sa.svg\u001b[39m","time":"2017-01-07T07:32:31.476Z","v":0}
{"name":"hexo","hostname":"localhost.localdomain","pid":3372,"level":20,"msg":"Processed: \u001b[35msource/images/cc-by-nc.svg\u001b[39m","time":"2017-01-07T07:32:31.476Z","v":0}
{"name":"hexo","hostname":"localhost.localdomain","pid":3372,"level":20,"msg":"Processed: \u001b[35msource/images/cc-by-nd.svg\u001b[39m","time":"2017-01-07T07:32:31.477Z","v":0}
{"name":"hexo","hostname":"localhost.localdomain","pid":3372,"level":20,"msg":"Processed: \u001b[35msource/images/cc-by-sa.svg\u001b[39m","time":"2017-01-07T07:32:31.477Z","v":0}
{"name":"hexo","hostname":"localhost.localdomain","pid":3372,"level":20,"msg":"Processed: \u001b[35msource/images/cc-by.svg\u001b[39m","time":"2017-01-07T07:32:31.477Z","v":0}
{"name":"hexo","hostname":"localhost.localdomain","pid":3372,"level":20,"msg":"Processed: \u001b[35msource/images/cc-zero.svg\u001b[39m","time":"2017-01-07T07:32:31.478Z","v":0}
{"name":"hexo","hostname":"localhost.localdomain","pid":3372,"level":20,"msg":"Processed: \u001b[35msource/images/loading.gif\u001b[39m","time":"2017-01-07T07:32:31.478Z","v":0}
{"name":"hexo","hostname":"localhost.localdomain","pid":3372,"level":20,"msg":"Processed: \u001b[35msource/images/placeholder.gif\u001b[39m","time":"2017-01-07T07:32:31.478Z","v":0}
{"name":"hexo","hostname":"localhost.localdomain","pid":3372,"level":20,"msg":"Processed: \u001b[35msource/images/quote-l.svg\u001b[39m","time":"2017-01-07T07:32:31.479Z","v":0}
{"name":"hexo","hostname":"localhost.localdomain","pid":3372,"level":20,"msg":"Processed: \u001b[35msource/images/quote-r.svg\u001b[39m","time":"2017-01-07T07:32:31.479Z","v":0}
{"name":"hexo","hostname":"localhost.localdomain","pid":3372,"level":20,"msg":"Processed: \u001b[35msource/images/searchicon.png\u001b[39m","time":"2017-01-07T07:32:31.480Z","v":0}
{"name":"hexo","hostname":"localhost.localdomain","pid":3372,"level":20,"msg":"Processed: \u001b[35mlayout/archive.swig\u001b[39m","time":"2017-01-07T07:32:31.658Z","v":0}
{"name":"hexo","hostname":"localhost.localdomain","pid":3372,"level":20,"msg":"Processed: \u001b[35mlayout/_layout.swig\u001b[39m","time":"2017-01-07T07:32:31.658Z","v":0}
{"name":"hexo","hostname":"localhost.localdomain","pid":3372,"level":20,"msg":"Processed: \u001b[35mlayout/category.swig\u001b[39m","time":"2017-01-07T07:32:31.658Z","v":0}
{"name":"hexo","hostname":"localhost.localdomain","pid":3372,"level":20,"msg":"Processed: \u001b[35mlayout/page.swig\u001b[39m","time":"2017-01-07T07:32:31.658Z","v":0}
{"name":"hexo","hostname":"localhost.localdomain","pid":3372,"level":20,"msg":"Processed: \u001b[35mlayout/index.swig\u001b[39m","time":"2017-01-07T07:32:31.658Z","v":0}
{"name":"hexo","hostname":"localhost.localdomain","pid":3372,"level":20,"msg":"Processed: \u001b[35mlayout/post.swig\u001b[39m","time":"2017-01-07T07:32:31.658Z","v":0}
{"name":"hexo","hostname":"localhost.localdomain","pid":3372,"level":20,"msg":"Processed: \u001b[35mlayout/tag.swig\u001b[39m","time":"2017-01-07T07:32:31.659Z","v":0}
{"name":"hexo","hostname":"localhost.localdomain","pid":3372,"level":20,"msg":"Processed: \u001b[35mlayout/schedule.swig\u001b[39m","time":"2017-01-07T07:32:31.659Z","v":0}
{"name":"hexo","hostname":"localhost.localdomain","pid":3372,"level":20,"msg":"Processed: \u001b[35mlanguages/de.yml\u001b[39m","time":"2017-01-07T07:32:31.678Z","v":0}
{"name":"hexo","hostname":"localhost.localdomain","pid":3372,"level":20,"msg":"Processed: \u001b[35mlanguages/default.yml\u001b[39m","time":"2017-01-07T07:32:31.678Z","v":0}
{"name":"hexo","hostname":"localhost.localdomain","pid":3372,"level":20,"msg":"Processed: \u001b[35mlanguages/en.yml\u001b[39m","time":"2017-01-07T07:32:31.678Z","v":0}
{"name":"hexo","hostname":"localhost.localdomain","pid":3372,"level":20,"msg":"Processed: \u001b[35mlanguages/fr-FR.yml\u001b[39m","time":"2017-01-07T07:32:31.678Z","v":0}
{"name":"hexo","hostname":"localhost.localdomain","pid":3372,"level":20,"msg":"Processed: \u001b[35mlanguages/id.yml\u001b[39m","time":"2017-01-07T07:32:31.678Z","v":0}
{"name":"hexo","hostname":"localhost.localdomain","pid":3372,"level":20,"msg":"Processed: \u001b[35mlanguages/ja.yml\u001b[39m","time":"2017-01-07T07:32:31.678Z","v":0}
{"name":"hexo","hostname":"localhost.localdomain","pid":3372,"level":20,"msg":"Processed: \u001b[35mlanguages/ko.yml\u001b[39m","time":"2017-01-07T07:32:31.678Z","v":0}
{"name":"hexo","hostname":"localhost.localdomain","pid":3372,"level":20,"msg":"Processed: \u001b[35mlanguages/pt-BR.yml\u001b[39m","time":"2017-01-07T07:32:31.678Z","v":0}
{"name":"hexo","hostname":"localhost.localdomain","pid":3372,"level":20,"msg":"Processed: \u001b[35mlanguages/pt.yml\u001b[39m","time":"2017-01-07T07:32:31.678Z","v":0}
{"name":"hexo","hostname":"localhost.localdomain","pid":3372,"level":20,"msg":"Processed: \u001b[35mlanguages/ru.yml\u001b[39m","time":"2017-01-07T07:32:31.680Z","v":0}
{"name":"hexo","hostname":"localhost.localdomain","pid":3372,"level":20,"msg":"Processed: \u001b[35mlanguages/zh-Hans.yml\u001b[39m","time":"2017-01-07T07:32:31.680Z","v":0}
{"name":"hexo","hostname":"localhost.localdomain","pid":3372,"level":20,"msg":"Processed: \u001b[35mlanguages/zh-hk.yml\u001b[39m","time":"2017-01-07T07:32:31.680Z","v":0}
{"name":"hexo","hostname":"localhost.localdomain","pid":3372,"level":20,"msg":"Processed: \u001b[35mlanguages/zh-tw.yml\u001b[39m","time":"2017-01-07T07:32:31.680Z","v":0}
{"name":"hexo","hostname":"localhost.localdomain","pid":3372,"level":20,"msg":"Processed: \u001b[35msource/js/src/affix.js\u001b[39m","time":"2017-01-07T07:32:31.689Z","v":0}
{"name":"hexo","hostname":"localhost.localdomain","pid":3372,"level":20,"msg":"Processed: \u001b[35msource/js/src/algolia-search.js\u001b[39m","time":"2017-01-07T07:32:31.690Z","v":0}
{"name":"hexo","hostname":"localhost.localdomain","pid":3372,"level":20,"msg":"Processed: \u001b[35msource/js/src/bootstrap.js\u001b[39m","time":"2017-01-07T07:32:31.690Z","v":0}
{"name":"hexo","hostname":"localhost.localdomain","pid":3372,"level":20,"msg":"Processed: \u001b[35msource/js/src/hook-duoshuo.js\u001b[39m","time":"2017-01-07T07:32:31.690Z","v":0}
{"name":"hexo","hostname":"localhost.localdomain","pid":3372,"level":20,"msg":"Processed: \u001b[35msource/js/src/motion.js\u001b[39m","time":"2017-01-07T07:32:31.690Z","v":0}
{"name":"hexo","hostname":"localhost.localdomain","pid":3372,"level":20,"msg":"Processed: \u001b[35msource/js/src/post-details.js\u001b[39m","time":"2017-01-07T07:32:31.691Z","v":0}
{"name":"hexo","hostname":"localhost.localdomain","pid":3372,"level":20,"msg":"Processed: \u001b[35msource/js/src/scrollspy.js\u001b[39m","time":"2017-01-07T07:32:31.691Z","v":0}
{"name":"hexo","hostname":"localhost.localdomain","pid":3372,"level":20,"msg":"Processed: \u001b[35msource/js/src/utils.js\u001b[39m","time":"2017-01-07T07:32:31.691Z","v":0}
{"name":"hexo","hostname":"localhost.localdomain","pid":3372,"level":20,"msg":"Processed: \u001b[35msource/lib/algolia-instant-search/instantsearch.min.css\u001b[39m","time":"2017-01-07T07:32:31.692Z","v":0}
{"name":"hexo","hostname":"localhost.localdomain","pid":3372,"level":20,"msg":"Processed: \u001b[35msource/lib/canvas-nest/canvas-nest.min.js\u001b[39m","time":"2017-01-07T07:32:31.692Z","v":0}
{"name":"hexo","hostname":"localhost.localdomain","pid":3372,"level":20,"msg":"Processed: \u001b[35msource/lib/fastclick/LICENSE\u001b[39m","time":"2017-01-07T07:32:31.693Z","v":0}
{"name":"hexo","hostname":"localhost.localdomain","pid":3372,"level":20,"msg":"Processed: \u001b[35msource/lib/fastclick/README.md\u001b[39m","time":"2017-01-07T07:32:31.694Z","v":0}
{"name":"hexo","hostname":"localhost.localdomain","pid":3372,"level":20,"msg":"Processed: \u001b[35msource/lib/fastclick/bower.json\u001b[39m","time":"2017-01-07T07:32:31.694Z","v":0}
{"name":"hexo","hostname":"localhost.localdomain","pid":3372,"level":20,"msg":"Processed: \u001b[35msource/lib/font-awesome/HELP-US-OUT.txt\u001b[39m","time":"2017-01-07T07:32:31.696Z","v":0}
{"name":"hexo","hostname":"localhost.localdomain","pid":3372,"level":20,"msg":"Processed: \u001b[35msource/lib/font-awesome/bower.json\u001b[39m","time":"2017-01-07T07:32:31.696Z","v":0}
{"name":"hexo","hostname":"localhost.localdomain","pid":3372,"level":20,"msg":"Processed: \u001b[35msource/lib/jquery_lazyload/CONTRIBUTING.md\u001b[39m","time":"2017-01-07T07:32:31.697Z","v":0}
{"name":"hexo","hostname":"localhost.localdomain","pid":3372,"level":20,"msg":"Processed: \u001b[35msource/lib/jquery_lazyload/README.md\u001b[39m","time":"2017-01-07T07:32:31.697Z","v":0}
{"name":"hexo","hostname":"localhost.localdomain","pid":3372,"level":20,"msg":"Processed: \u001b[35msource/lib/jquery_lazyload/bower.json\u001b[39m","time":"2017-01-07T07:32:31.698Z","v":0}
{"name":"hexo","hostname":"localhost.localdomain","pid":3372,"level":20,"msg":"Processed: \u001b[35msource/lib/jquery_lazyload/jquery.lazyload.js\u001b[39m","time":"2017-01-07T07:32:31.698Z","v":0}
{"name":"hexo","hostname":"localhost.localdomain","pid":3372,"level":20,"msg":"Processed: \u001b[35msource/lib/jquery_lazyload/jquery.scrollstop.js\u001b[39m","time":"2017-01-07T07:32:31.698Z","v":0}
{"name":"hexo","hostname":"localhost.localdomain","pid":3372,"level":20,"msg":"Processed: \u001b[35msource/lib/velocity/bower.json\u001b[39m","time":"2017-01-07T07:32:31.699Z","v":0}
{"name":"hexo","hostname":"localhost.localdomain","pid":3372,"level":20,"msg":"Processed: \u001b[35msource/lib/velocity/velocity.min.js\u001b[39m","time":"2017-01-07T07:32:31.699Z","v":0}
{"name":"hexo","hostname":"localhost.localdomain","pid":3372,"level":20,"msg":"Processed: \u001b[35msource/lib/velocity/velocity.ui.js\u001b[39m","time":"2017-01-07T07:32:31.699Z","v":0}
{"name":"hexo","hostname":"localhost.localdomain","pid":3372,"level":20,"msg":"Processed: \u001b[35msource/lib/velocity/velocity.ui.min.js\u001b[39m","time":"2017-01-07T07:32:31.699Z","v":0}
{"name":"hexo","hostname":"localhost.localdomain","pid":3372,"level":20,"msg":"Processed: \u001b[35msource/lib/jquery/index.js\u001b[39m","time":"2017-01-07T07:32:31.715Z","v":0}
{"name":"hexo","hostname":"localhost.localdomain","pid":3372,"level":20,"msg":"Processed: \u001b[35mlayout/_custom/sidebar.swig\u001b[39m","time":"2017-01-07T07:32:31.763Z","v":0}
{"name":"hexo","hostname":"localhost.localdomain","pid":3372,"level":20,"msg":"Processed: \u001b[35mlayout/_custom/header.swig\u001b[39m","time":"2017-01-07T07:32:31.763Z","v":0}
{"name":"hexo","hostname":"localhost.localdomain","pid":3372,"level":20,"msg":"Processed: \u001b[35mlayout/_macro/post.swig\u001b[39m","time":"2017-01-07T07:32:31.763Z","v":0}
{"name":"hexo","hostname":"localhost.localdomain","pid":3372,"level":20,"msg":"Processed: \u001b[35mlayout/_macro/reward.swig\u001b[39m","time":"2017-01-07T07:32:31.763Z","v":0}
{"name":"hexo","hostname":"localhost.localdomain","pid":3372,"level":20,"msg":"Processed: \u001b[35mlayout/_macro/post-collapse.swig\u001b[39m","time":"2017-01-07T07:32:31.763Z","v":0}
{"name":"hexo","hostname":"localhost.localdomain","pid":3372,"level":20,"msg":"Processed: \u001b[35mlayout/_macro/sidebar.swig\u001b[39m","time":"2017-01-07T07:32:31.763Z","v":0}
{"name":"hexo","hostname":"localhost.localdomain","pid":3372,"level":20,"msg":"Processed: \u001b[35mlayout/_macro/wechat-subscriber.swig\u001b[39m","time":"2017-01-07T07:32:31.763Z","v":0}
{"name":"hexo","hostname":"localhost.localdomain","pid":3372,"level":20,"msg":"Processed: \u001b[35mlayout/_partials/duoshuo-hot-articles.swig\u001b[39m","time":"2017-01-07T07:32:31.763Z","v":0}
{"name":"hexo","hostname":"localhost.localdomain","pid":3372,"level":20,"msg":"Processed: \u001b[35mlayout/_partials/comments.swig\u001b[39m","time":"2017-01-07T07:32:31.764Z","v":0}
{"name":"hexo","hostname":"localhost.localdomain","pid":3372,"level":20,"msg":"Processed: \u001b[35mlayout/_partials/footer.swig\u001b[39m","time":"2017-01-07T07:32:31.764Z","v":0}
{"name":"hexo","hostname":"localhost.localdomain","pid":3372,"level":20,"msg":"Processed: \u001b[35mlayout/_partials/header.swig\u001b[39m","time":"2017-01-07T07:32:31.764Z","v":0}
{"name":"hexo","hostname":"localhost.localdomain","pid":3372,"level":20,"msg":"Processed: \u001b[35mlayout/_partials/head.swig\u001b[39m","time":"2017-01-07T07:32:31.764Z","v":0}
{"name":"hexo","hostname":"localhost.localdomain","pid":3372,"level":20,"msg":"Processed: \u001b[35mlayout/_partials/page-header.swig\u001b[39m","time":"2017-01-07T07:32:31.764Z","v":0}
{"name":"hexo","hostname":"localhost.localdomain","pid":3372,"level":20,"msg":"Processed: \u001b[35mlayout/_partials/pagination.swig\u001b[39m","time":"2017-01-07T07:32:31.764Z","v":0}
{"name":"hexo","hostname":"localhost.localdomain","pid":3372,"level":20,"msg":"Processed: \u001b[35mlayout/_partials/search.swig\u001b[39m","time":"2017-01-07T07:32:31.764Z","v":0}
{"name":"hexo","hostname":"localhost.localdomain","pid":3372,"level":20,"msg":"Processed: \u001b[35mlayout/_scripts/baidu-push.swig\u001b[39m","time":"2017-01-07T07:32:31.765Z","v":0}
{"name":"hexo","hostname":"localhost.localdomain","pid":3372,"level":20,"msg":"Processed: \u001b[35mlayout/_scripts/boostrap.swig\u001b[39m","time":"2017-01-07T07:32:31.765Z","v":0}
{"name":"hexo","hostname":"localhost.localdomain","pid":3372,"level":20,"msg":"Processed: \u001b[35mlayout/_scripts/commons.swig\u001b[39m","time":"2017-01-07T07:32:31.765Z","v":0}
{"name":"hexo","hostname":"localhost.localdomain","pid":3372,"level":20,"msg":"Processed: \u001b[35mlayout/_scripts/vendors.swig\u001b[39m","time":"2017-01-07T07:32:31.765Z","v":0}
{"name":"hexo","hostname":"localhost.localdomain","pid":3372,"level":20,"msg":"Processed: \u001b[35msource/js/src/schemes/pisces.js\u001b[39m","time":"2017-01-07T07:32:31.773Z","v":0}
{"name":"hexo","hostname":"localhost.localdomain","pid":3372,"level":20,"msg":"Processed: \u001b[35msource/lib/fancybox/source/blank.gif\u001b[39m","time":"2017-01-07T07:32:31.773Z","v":0}
{"name":"hexo","hostname":"localhost.localdomain","pid":3372,"level":20,"msg":"Processed: \u001b[35msource/lib/fancybox/source/fancybox_loading.gif\u001b[39m","time":"2017-01-07T07:32:31.773Z","v":0}
{"name":"hexo","hostname":"localhost.localdomain","pid":3372,"level":20,"msg":"Processed: \u001b[35msource/lib/fancybox/source/fancybox_loading@2x.gif\u001b[39m","time":"2017-01-07T07:32:31.773Z","v":0}
{"name":"hexo","hostname":"localhost.localdomain","pid":3372,"level":20,"msg":"Processed: \u001b[35msource/lib/fancybox/source/fancybox_overlay.png\u001b[39m","time":"2017-01-07T07:32:31.774Z","v":0}
{"name":"hexo","hostname":"localhost.localdomain","pid":3372,"level":20,"msg":"Processed: \u001b[35msource/lib/fancybox/source/fancybox_sprite.png\u001b[39m","time":"2017-01-07T07:32:31.774Z","v":0}
{"name":"hexo","hostname":"localhost.localdomain","pid":3372,"level":20,"msg":"Processed: \u001b[35msource/lib/fancybox/source/fancybox_sprite@2x.png\u001b[39m","time":"2017-01-07T07:32:31.774Z","v":0}
{"name":"hexo","hostname":"localhost.localdomain","pid":3372,"level":20,"msg":"Processed: \u001b[35msource/lib/fancybox/source/jquery.fancybox.css\u001b[39m","time":"2017-01-07T07:32:31.774Z","v":0}
{"name":"hexo","hostname":"localhost.localdomain","pid":3372,"level":20,"msg":"Processed: \u001b[35msource/lib/fancybox/source/jquery.fancybox.pack.js\u001b[39m","time":"2017-01-07T07:32:31.775Z","v":0}
{"name":"hexo","hostname":"localhost.localdomain","pid":3372,"level":20,"msg":"Processed: \u001b[35msource/lib/fancybox/source/jquery.fancybox.js\u001b[39m","time":"2017-01-07T07:32:31.775Z","v":0}
{"name":"hexo","hostname":"localhost.localdomain","pid":3372,"level":20,"msg":"Processed: \u001b[35msource/lib/fastclick/lib/fastclick.js\u001b[39m","time":"2017-01-07T07:32:31.776Z","v":0}
{"name":"hexo","hostname":"localhost.localdomain","pid":3372,"level":20,"msg":"Processed: \u001b[35msource/lib/fastclick/lib/fastclick.min.js\u001b[39m","time":"2017-01-07T07:32:31.776Z","v":0}
{"name":"hexo","hostname":"localhost.localdomain","pid":3372,"level":20,"msg":"Processed: \u001b[35msource/lib/font-awesome/css/font-awesome.css\u001b[39m","time":"2017-01-07T07:32:31.776Z","v":0}
{"name":"hexo","hostname":"localhost.localdomain","pid":3372,"level":20,"msg":"Processed: \u001b[35msource/lib/font-awesome/css/font-awesome.min.css\u001b[39m","time":"2017-01-07T07:32:31.776Z","v":0}
{"name":"hexo","hostname":"localhost.localdomain","pid":3372,"level":20,"msg":"Processed: \u001b[35msource/lib/font-awesome/css/font-awesome.css.map\u001b[39m","time":"2017-01-07T07:32:31.777Z","v":0}
{"name":"hexo","hostname":"localhost.localdomain","pid":3372,"level":20,"msg":"Processed: \u001b[35msource/lib/ua-parser-js/dist/ua-parser.min.js\u001b[39m","time":"2017-01-07T07:32:31.778Z","v":0}
{"name":"hexo","hostname":"localhost.localdomain","pid":3372,"level":20,"msg":"Processed: \u001b[35msource/lib/ua-parser-js/dist/ua-parser.pack.js\u001b[39m","time":"2017-01-07T07:32:31.778Z","v":0}
{"name":"hexo","hostname":"localhost.localdomain","pid":3372,"level":20,"msg":"Processed: \u001b[35mlayout/_scripts/schemes/mist.swig\u001b[39m","time":"2017-01-07T07:32:31.784Z","v":0}
{"name":"hexo","hostname":"localhost.localdomain","pid":3372,"level":20,"msg":"Processed: \u001b[35mlayout/_scripts/schemes/muse.swig\u001b[39m","time":"2017-01-07T07:32:31.784Z","v":0}
{"name":"hexo","hostname":"localhost.localdomain","pid":3372,"level":20,"msg":"Processed: \u001b[35msource/lib/font-awesome/fonts/FontAwesome.otf\u001b[39m","time":"2017-01-07T07:32:31.785Z","v":0}
{"name":"hexo","hostname":"localhost.localdomain","pid":3372,"level":20,"msg":"Processed: \u001b[35msource/lib/font-awesome/fonts/fontawesome-webfont.eot\u001b[39m","time":"2017-01-07T07:32:31.786Z","v":0}
{"name":"hexo","hostname":"localhost.localdomain","pid":3372,"level":20,"msg":"Processed: \u001b[35msource/lib/font-awesome/fonts/fontawesome-webfont.woff\u001b[39m","time":"2017-01-07T07:32:31.786Z","v":0}
{"name":"hexo","hostname":"localhost.localdomain","pid":3372,"level":20,"msg":"Processed: \u001b[35msource/lib/font-awesome/fonts/fontawesome-webfont.woff2\u001b[39m","time":"2017-01-07T07:32:31.786Z","v":0}
{"name":"hexo","hostname":"localhost.localdomain","pid":3372,"level":20,"msg":"Processed: \u001b[35msource/lib/velocity/velocity.js\u001b[39m","time":"2017-01-07T07:32:31.786Z","v":0}
{"name":"hexo","hostname":"localhost.localdomain","pid":3372,"level":20,"msg":"Processed: \u001b[35mlayout/_components/algolia-search/assets.swig\u001b[39m","time":"2017-01-07T07:32:31.811Z","v":0}
{"name":"hexo","hostname":"localhost.localdomain","pid":3372,"level":20,"msg":"Processed: \u001b[35mlayout/_components/algolia-search/dom.swig\u001b[39m","time":"2017-01-07T07:32:31.811Z","v":0}
{"name":"hexo","hostname":"localhost.localdomain","pid":3372,"level":20,"msg":"Processed: \u001b[35mlayout/_partials/head/custom-head.swig\u001b[39m","time":"2017-01-07T07:32:31.812Z","v":0}
{"name":"hexo","hostname":"localhost.localdomain","pid":3372,"level":20,"msg":"Processed: \u001b[35mlayout/_partials/head/external-fonts.swig\u001b[39m","time":"2017-01-07T07:32:31.812Z","v":0}
{"name":"hexo","hostname":"localhost.localdomain","pid":3372,"level":20,"msg":"Processed: \u001b[35mlayout/_partials/search/localsearch.swig\u001b[39m","time":"2017-01-07T07:32:31.812Z","v":0}
{"name":"hexo","hostname":"localhost.localdomain","pid":3372,"level":20,"msg":"Processed: \u001b[35mlayout/_partials/search/tinysou.swig\u001b[39m","time":"2017-01-07T07:32:31.812Z","v":0}
{"name":"hexo","hostname":"localhost.localdomain","pid":3372,"level":20,"msg":"Processed: \u001b[35mlayout/_partials/share/add-this.swig\u001b[39m","time":"2017-01-07T07:32:31.812Z","v":0}
{"name":"hexo","hostname":"localhost.localdomain","pid":3372,"level":20,"msg":"Processed: \u001b[35mlayout/_partials/share/baidushare.swig\u001b[39m","time":"2017-01-07T07:32:31.812Z","v":0}
{"name":"hexo","hostname":"localhost.localdomain","pid":3372,"level":20,"msg":"Processed: \u001b[35mlayout/_partials/search/swiftype.swig\u001b[39m","time":"2017-01-07T07:32:31.813Z","v":0}
{"name":"hexo","hostname":"localhost.localdomain","pid":3372,"level":20,"msg":"Processed: \u001b[35mlayout/_partials/share/duoshuo_share.swig\u001b[39m","time":"2017-01-07T07:32:31.813Z","v":0}
{"name":"hexo","hostname":"localhost.localdomain","pid":3372,"level":20,"msg":"Processed: \u001b[35mlayout/_partials/share/jiathis.swig\u001b[39m","time":"2017-01-07T07:32:31.813Z","v":0}
{"name":"hexo","hostname":"localhost.localdomain","pid":3372,"level":20,"msg":"Processed: \u001b[35mlayout/_scripts/pages/post-details.swig\u001b[39m","time":"2017-01-07T07:32:31.813Z","v":0}
{"name":"hexo","hostname":"localhost.localdomain","pid":3372,"level":20,"msg":"Processed: \u001b[35mlayout/_scripts/schemes/pisces.swig\u001b[39m","time":"2017-01-07T07:32:31.813Z","v":0}
{"name":"hexo","hostname":"localhost.localdomain","pid":3372,"level":20,"msg":"Processed: \u001b[35mlayout/_scripts/third-party/analytics.swig\u001b[39m","time":"2017-01-07T07:32:31.813Z","v":0}
{"name":"hexo","hostname":"localhost.localdomain","pid":3372,"level":20,"msg":"Processed: \u001b[35mlayout/_scripts/third-party/comments.swig\u001b[39m","time":"2017-01-07T07:32:31.813Z","v":0}
{"name":"hexo","hostname":"localhost.localdomain","pid":3372,"level":20,"msg":"Processed: \u001b[35mlayout/_scripts/third-party/lean-analytics.swig\u001b[39m","time":"2017-01-07T07:32:31.813Z","v":0}
{"name":"hexo","hostname":"localhost.localdomain","pid":3372,"level":20,"msg":"Processed: \u001b[35mlayout/_scripts/third-party/localsearch.swig\u001b[39m","time":"2017-01-07T07:32:31.813Z","v":0}
{"name":"hexo","hostname":"localhost.localdomain","pid":3372,"level":20,"msg":"Processed: \u001b[35mlayout/_scripts/third-party/mathjax.swig\u001b[39m","time":"2017-01-07T07:32:31.813Z","v":0}
{"name":"hexo","hostname":"localhost.localdomain","pid":3372,"level":20,"msg":"Processed: \u001b[35mlayout/_scripts/third-party/tinysou.swig\u001b[39m","time":"2017-01-07T07:32:31.813Z","v":0}
{"name":"hexo","hostname":"localhost.localdomain","pid":3372,"level":20,"msg":"Processed: \u001b[35mlayout/_scripts/third-party/schedule.swig\u001b[39m","time":"2017-01-07T07:32:31.813Z","v":0}
{"name":"hexo","hostname":"localhost.localdomain","pid":3372,"level":20,"msg":"Processed: \u001b[35msource/lib/fancybox/source/helpers/fancybox_buttons.png\u001b[39m","time":"2017-01-07T07:32:31.818Z","v":0}
{"name":"hexo","hostname":"localhost.localdomain","pid":3372,"level":20,"msg":"Processed: \u001b[35msource/lib/fancybox/source/helpers/jquery.fancybox-buttons.css\u001b[39m","time":"2017-01-07T07:32:31.819Z","v":0}
{"name":"hexo","hostname":"localhost.localdomain","pid":3372,"level":20,"msg":"Processed: \u001b[35msource/lib/fancybox/source/helpers/jquery.fancybox-buttons.js\u001b[39m","time":"2017-01-07T07:32:31.819Z","v":0}
{"name":"hexo","hostname":"localhost.localdomain","pid":3372,"level":20,"msg":"Processed: \u001b[35msource/lib/fancybox/source/helpers/jquery.fancybox-thumbs.css\u001b[39m","time":"2017-01-07T07:32:31.819Z","v":0}
{"name":"hexo","hostname":"localhost.localdomain","pid":3372,"level":20,"msg":"Processed: \u001b[35msource/lib/fancybox/source/helpers/jquery.fancybox-media.js\u001b[39m","time":"2017-01-07T07:32:31.819Z","v":0}
{"name":"hexo","hostname":"localhost.localdomain","pid":3372,"level":20,"msg":"Processed: \u001b[35msource/lib/fancybox/source/helpers/jquery.fancybox-thumbs.js\u001b[39m","time":"2017-01-07T07:32:31.819Z","v":0}
{"name":"hexo","hostname":"localhost.localdomain","pid":3372,"level":20,"msg":"Processed: \u001b[35msource/lib/font-awesome/fonts/fontawesome-webfont.ttf\u001b[39m","time":"2017-01-07T07:32:31.820Z","v":0}
{"name":"hexo","hostname":"localhost.localdomain","pid":3372,"level":20,"msg":"Processed: \u001b[35mlayout/_scripts/third-party/analytics/application-insights.swig\u001b[39m","time":"2017-01-07T07:32:31.831Z","v":0}
{"name":"hexo","hostname":"localhost.localdomain","pid":3372,"level":20,"msg":"Processed: \u001b[35mlayout/_scripts/third-party/analytics/baidu-analytics.swig\u001b[39m","time":"2017-01-07T07:32:31.831Z","v":0}
{"name":"hexo","hostname":"localhost.localdomain","pid":3372,"level":20,"msg":"Processed: \u001b[35mlayout/_scripts/third-party/analytics/cnzz-analytics.swig\u001b[39m","time":"2017-01-07T07:32:31.831Z","v":0}
{"name":"hexo","hostname":"localhost.localdomain","pid":3372,"level":20,"msg":"Processed: \u001b[35mlayout/_scripts/third-party/analytics/busuanzi-counter.swig\u001b[39m","time":"2017-01-07T07:32:31.831Z","v":0}
{"name":"hexo","hostname":"localhost.localdomain","pid":3372,"level":20,"msg":"Processed: \u001b[35mlayout/_scripts/third-party/analytics/google-analytics.swig\u001b[39m","time":"2017-01-07T07:32:31.831Z","v":0}
{"name":"hexo","hostname":"localhost.localdomain","pid":3372,"level":20,"msg":"Processed: \u001b[35mlayout/_scripts/third-party/analytics/facebook-sdk.swig\u001b[39m","time":"2017-01-07T07:32:31.831Z","v":0}
{"name":"hexo","hostname":"localhost.localdomain","pid":3372,"level":20,"msg":"Processed: \u001b[35mlayout/_scripts/third-party/analytics/tencent-analytics.swig\u001b[39m","time":"2017-01-07T07:32:31.831Z","v":0}
{"name":"hexo","hostname":"localhost.localdomain","pid":3372,"level":20,"msg":"Processed: \u001b[35mlayout/_scripts/third-party/comments/disqus.swig\u001b[39m","time":"2017-01-07T07:32:31.832Z","v":0}
{"name":"hexo","hostname":"localhost.localdomain","pid":3372,"level":20,"msg":"Processed: \u001b[35mlayout/_scripts/third-party/comments/duoshuo.swig\u001b[39m","time":"2017-01-07T07:32:31.832Z","v":0}
{"name":"hexo","hostname":"localhost.localdomain","pid":3372,"level":20,"msg":"Processed: \u001b[35mlayout/_scripts/third-party/comments/gentie.swig\u001b[39m","time":"2017-01-07T07:32:31.832Z","v":0}
{"name":"hexo","hostname":"localhost.localdomain","pid":3372,"level":20,"msg":"Processed: \u001b[35mlayout/_scripts/third-party/comments/hypercomments.swig\u001b[39m","time":"2017-01-07T07:32:31.832Z","v":0}
{"name":"hexo","hostname":"localhost.localdomain","pid":3372,"level":20,"msg":"Processed: \u001b[35mlayout/_scripts/third-party/comments/youyan.swig\u001b[39m","time":"2017-01-07T07:32:31.832Z","v":0}
{"name":"hexo","hostname":"localhost.localdomain","pid":3372,"level":20,"msg":"Processed: \u001b[35msource/lib/algolia-instant-search/instantsearch.min.js\u001b[39m","time":"2017-01-07T07:32:31.833Z","v":0}
{"name":"hexo","hostname":"localhost.localdomain","pid":3372,"level":20,"msg":"Processed: \u001b[35msource/lib/font-awesome/fonts/fontawesome-webfont.svg\u001b[39m","time":"2017-01-07T07:32:31.834Z","v":0}
{"name":"hexo","hostname":"localhost.localdomain","pid":3372,"level":20,"msg":"Generator: \u001b[35mpage\u001b[39m","time":"2017-01-07T07:32:31.940Z","v":0}
{"name":"hexo","hostname":"localhost.localdomain","pid":3372,"level":20,"msg":"Generator: \u001b[35mpost\u001b[39m","time":"2017-01-07T07:32:31.941Z","v":0}
{"name":"hexo","hostname":"localhost.localdomain","pid":3372,"level":20,"msg":"Generator: \u001b[35mcategory\u001b[39m","time":"2017-01-07T07:32:31.941Z","v":0}
{"name":"hexo","hostname":"localhost.localdomain","pid":3372,"level":20,"msg":"Generator: \u001b[35marchive\u001b[39m","time":"2017-01-07T07:32:31.941Z","v":0}
{"name":"hexo","hostname":"localhost.localdomain","pid":3372,"level":20,"msg":"Generator: \u001b[35mindex\u001b[39m","time":"2017-01-07T07:32:31.941Z","v":0}
{"name":"hexo","hostname":"localhost.localdomain","pid":3372,"level":20,"msg":"Generator: \u001b[35mtag\u001b[39m","time":"2017-01-07T07:32:31.941Z","v":0}
{"name":"hexo","hostname":"localhost.localdomain","pid":3372,"level":20,"msg":"Generator: \u001b[35masset\u001b[39m","time":"2017-01-07T07:32:31.942Z","v":0}
{"name":"hexo","hostname":"localhost.localdomain","pid":3372,"level":30,"msg":"Hexo is running at \u001b[4mhttp://localhost:4000/\u001b[24m. Press Ctrl+C to stop.","time":"2017-01-07T07:32:31.950Z","v":0}
{"name":"hexo","hostname":"localhost.localdomain","pid":3372,"level":20,"msg":"Database saved","time":"2017-01-07T07:32:31.965Z","v":0}
{"name":"hexo","hostname":"localhost.localdomain","pid":3372,"level":20,"msg":"Rendering post: \u001b[35m2017/01/07/第一篇测试/index.html\u001b[39m","time":"2017-01-07T07:32:38.224Z","v":0}
{"name":"hexo","hostname":"localhost.localdomain","pid":3372,"level":20,"msg":"Rendering post: \u001b[35m2017/01/07/第一篇测试/index.html\u001b[39m","time":"2017-01-07T07:32:56.052Z","v":0}
{"name":"hexo","hostname":"localhost.localdomain","pid":3372,"level":30,"msg":"Have a nice day","time":"2017-01-07T07:33:36.837Z","v":0}
{"name":"hexo","hostname":"localhost.localdomain","pid":3372,"level":20,"msg":"Database saved","time":"2017-01-07T07:33:36.873Z","v":0}
